Array
(
    [REDIRECT_MIBDIRS] => C:/xampp/php/extras/mibs
    [REDIRECT_MYSQL_HOME] => \xampp\mysql\bin
    [REDIRECT_OPENSSL_CONF] => C:/xampp/apache/bin/openssl.cnf
    [REDIRECT_PHP_PEAR_SYSCONF_DIR] => \xampp\php
    [REDIRECT_PHPRC] => \xampp\php
    [REDIRECT_TMP] => \xampp\tmp
    [REDIRECT_STATUS] => 200
    [MIBDIRS] => C:/xampp/php/extras/mibs
    [MYSQL_HOME] => \xampp\mysql\bin
    [OPENSSL_CONF] => C:/xampp/apache/bin/openssl.cnf
    [PHP_PEAR_SYSCONF_DIR] => \xampp\php
    [PHPRC] => \xampp\php
    [TMP] => \xampp\tmp
    [HTTP_HOST] => 7332b873b112.ngrok-free.app
    [HTTP_USER_AGENT] => Mozilla/5.0 (Windows NT 10.0; Win64; x64) AppleWebKit/537.36 (KHTML, like Gecko) Chrome/138.0.0.0 Safari/537.36
    [HTTP_ACCEPT] => text/html,application/xhtml+xml,application/xml;q=0.9,image/avif,image/webp,image/apng,*/*;q=0.8,application/signed-exchange;v=b3;q=0.7
    [HTTP_ACCEPT_ENCODING] => gzip, deflate, br, zstd
    [HTTP_ACCEPT_LANGUAGE] => en-US,en;q=0.9
    [HTTP_COOKIE] => abuse_interstitial=7332b873b112.ngrok-free.app; ci_session=b1l30kbotb2qmrr9itnvdhei18u841fv
    [HTTP_PRIORITY] => u=0, i
    [HTTP_REFERER] => http://localhost/
    [HTTP_SEC_CH_UA] => "Not)A;Brand";v="8", "Chromium";v="138", "Google Chrome";v="138"
    [HTTP_SEC_CH_UA_MOBILE] => ?0
    [HTTP_SEC_CH_UA_PLATFORM] => "Windows"
    [HTTP_SEC_FETCH_DEST] => document
    [HTTP_SEC_FETCH_MODE] => navigate
    [HTTP_SEC_FETCH_SITE] => cross-site
    [HTTP_SEC_FETCH_USER] => ?1
    [HTTP_UPGRADE_INSECURE_REQUESTS] => 1
    [HTTP_X_FORWARDED_FOR] => 202.177.248.39
    [HTTP_X_FORWARDED_HOST] => 7332b873b112.ngrok-free.app
    [HTTP_X_FORWARDED_PROTO] => https
    [PATH] => C:\Program Files (x86)\VMware\VMware Workstation\bin\;C:\WINDOWS\system32;C:\WINDOWS;C:\WINDOWS\System32\Wbem;C:\WINDOWS\System32\WindowsPowerShell\v1.0\;C:\WINDOWS\System32\OpenSSH\;C:\Program Files\Microsoft SQL Server\150\Tools\Binn\;C:\Program Files\Microsoft SQL Server\Client SDK\ODBC\170\Tools\Binn\;C:\Program Files (x86)\Microsoft SQL Server\160\DTS\Binn\;C:\Program Files\dotnet\;C:\Program Files\Git\cmd;C:\Program Files\nodejs\;C:\xampp\php;C:\composer;C:\Users;C:\Users\Hameed Ansari\AppData\Local\Programs\Python\Python313\Scripts\;C:\Users\Hameed Ansari\AppData\Local\Programs\Python\Python313\;C:\Users\Hameed Ansari\AppData\Local\Programs\Python\Launcher\;C:\Users\Hameed Ansari\AppData\Local\Microsoft\WindowsApps;C:\Users\Hameed Ansari\AppData\Local\GitHubDesktop\bin;C:\Users\Hameed Ansari\.dotnet\tools;C:\Users\Hameed Ansari\AppData\Local\Programs\Microsoft VS Code\bin;C:\Users\Hameed Ansari\AppData\Roaming\npm;C:\Users\Hameed Ansari\AppData\Roaming\Composer\vendor\bin;C:\composer;C:\mongosh\
    [SystemRoot] => C:\WINDOWS
    [COMSPEC] => C:\WINDOWS\system32\cmd.exe
    [PATHEXT] => .COM;.EXE;.BAT;.CMD;.VBS;.VBE;.JS;.JSE;.WSF;.WSH;.MSC
    [WINDIR] => C:\WINDOWS
    [SERVER_SIGNATURE] => <address>Apache/2.4.58 (Win64) OpenSSL/3.1.3 PHP/8.0.30 Server at 7332b873b112.ngrok-free.app Port 80</address>

    [SERVER_SOFTWARE] => Apache/2.4.58 (Win64) OpenSSL/3.1.3 PHP/8.0.30
    [SERVER_NAME] => 7332b873b112.ngrok-free.app
    [SERVER_ADDR] => ::1
    [SERVER_PORT] => 80
    [REMOTE_ADDR] => ::1
    [DOCUMENT_ROOT] => C:/xampp/htdocs
    [REQUEST_SCHEME] => http
    [CONTEXT_PREFIX] => 
    [CONTEXT_DOCUMENT_ROOT] => C:/xampp/htdocs
    [SERVER_ADMIN] => postmaster@localhost
    [SCRIPT_FILENAME] => C:/xampp/htdocs/TaskMaster/index.php
    [REMOTE_PORT] => 60416
    [REDIRECT_URL] => /TaskMaster/login/truecaller_callback
    [GATEWAY_INTERFACE] => CGI/1.1
    [SERVER_PROTOCOL] => HTTP/1.1
    [REQUEST_METHOD] => GET
    [QUERY_STRING] => 
    [REQUEST_URI] => /TaskMaster/login/truecaller_callback
    [SCRIPT_NAME] => /TaskMaster/index.php
    [PATH_INFO] => /login/truecaller_callback
    [PATH_TRANSLATED] => C:\xampp\htdocs\login\truecaller_callback
    [PHP_SELF] => /TaskMaster/index.php/login/truecaller_callback
    [REQUEST_TIME_FLOAT] => 1754993173.9206
    [REQUEST_TIME] => 1754993173
)

Array
(
    [REDIRECT_MIBDIRS] => C:/xampp/php/extras/mibs
    [REDIRECT_MYSQL_HOME] => \xampp\mysql\bin
    [REDIRECT_OPENSSL_CONF] => C:/xampp/apache/bin/openssl.cnf
    [REDIRECT_PHP_PEAR_SYSCONF_DIR] => \xampp\php
    [REDIRECT_PHPRC] => \xampp\php
    [REDIRECT_TMP] => \xampp\tmp
    [REDIRECT_STATUS] => 200
    [MIBDIRS] => C:/xampp/php/extras/mibs
    [MYSQL_HOME] => \xampp\mysql\bin
    [OPENSSL_CONF] => C:/xampp/apache/bin/openssl.cnf
    [PHP_PEAR_SYSCONF_DIR] => \xampp\php
    [PHPRC] => \xampp\php
    [TMP] => \xampp\tmp
    [HTTP_HOST] => 7332b873b112.ngrok-free.app
    [HTTP_USER_AGENT] => Mozilla/5.0 (Windows NT 10.0; Win64; x64) AppleWebKit/537.36 (KHTML, like Gecko) Chrome/138.0.0.0 Safari/537.36
    [HTTP_ACCEPT] => text/html,application/xhtml+xml,application/xml;q=0.9,image/avif,image/webp,image/apng,*/*;q=0.8,application/signed-exchange;v=b3;q=0.7
    [HTTP_ACCEPT_ENCODING] => gzip, deflate, br, zstd
    [HTTP_ACCEPT_LANGUAGE] => en-US,en;q=0.9
    [HTTP_COOKIE] => abuse_interstitial=7332b873b112.ngrok-free.app; ci_session=ht22fg7upvq0lns13g6u6rsciufks251
    [HTTP_PRIORITY] => u=0, i
    [HTTP_REFERER] => http://localhost/
    [HTTP_SEC_CH_UA] => "Not)A;Brand";v="8", "Chromium";v="138", "Google Chrome";v="138"
    [HTTP_SEC_CH_UA_MOBILE] => ?0
    [HTTP_SEC_CH_UA_PLATFORM] => "Windows"
    [HTTP_SEC_FETCH_DEST] => document
    [HTTP_SEC_FETCH_MODE] => navigate
    [HTTP_SEC_FETCH_SITE] => cross-site
    [HTTP_SEC_FETCH_USER] => ?1
    [HTTP_UPGRADE_INSECURE_REQUESTS] => 1
    [HTTP_X_FORWARDED_FOR] => 202.177.248.39
    [HTTP_X_FORWARDED_HOST] => 7332b873b112.ngrok-free.app
    [HTTP_X_FORWARDED_PROTO] => https
    [PATH] => C:\Program Files (x86)\VMware\VMware Workstation\bin\;C:\WINDOWS\system32;C:\WINDOWS;C:\WINDOWS\System32\Wbem;C:\WINDOWS\System32\WindowsPowerShell\v1.0\;C:\WINDOWS\System32\OpenSSH\;C:\Program Files\Microsoft SQL Server\150\Tools\Binn\;C:\Program Files\Microsoft SQL Server\Client SDK\ODBC\170\Tools\Binn\;C:\Program Files (x86)\Microsoft SQL Server\160\DTS\Binn\;C:\Program Files\dotnet\;C:\Program Files\Git\cmd;C:\Program Files\nodejs\;C:\xampp\php;C:\composer;C:\Users;C:\Users\Hameed Ansari\AppData\Local\Programs\Python\Python313\Scripts\;C:\Users\Hameed Ansari\AppData\Local\Programs\Python\Python313\;C:\Users\Hameed Ansari\AppData\Local\Programs\Python\Launcher\;C:\Users\Hameed Ansari\AppData\Local\Microsoft\WindowsApps;C:\Users\Hameed Ansari\AppData\Local\GitHubDesktop\bin;C:\Users\Hameed Ansari\.dotnet\tools;C:\Users\Hameed Ansari\AppData\Local\Programs\Microsoft VS Code\bin;C:\Users\Hameed Ansari\AppData\Roaming\npm;C:\Users\Hameed Ansari\AppData\Roaming\Composer\vendor\bin;C:\composer;C:\mongosh\
    [SystemRoot] => C:\WINDOWS
    [COMSPEC] => C:\WINDOWS\system32\cmd.exe
    [PATHEXT] => .COM;.EXE;.BAT;.CMD;.VBS;.VBE;.JS;.JSE;.WSF;.WSH;.MSC
    [WINDIR] => C:\WINDOWS
    [SERVER_SIGNATURE] => <address>Apache/2.4.58 (Win64) OpenSSL/3.1.3 PHP/8.0.30 Server at 7332b873b112.ngrok-free.app Port 80</address>

    [SERVER_SOFTWARE] => Apache/2.4.58 (Win64) OpenSSL/3.1.3 PHP/8.0.30
    [SERVER_NAME] => 7332b873b112.ngrok-free.app
    [SERVER_ADDR] => ::1
    [SERVER_PORT] => 80
    [REMOTE_ADDR] => ::1
    [DOCUMENT_ROOT] => C:/xampp/htdocs
    [REQUEST_SCHEME] => http
    [CONTEXT_PREFIX] => 
    [CONTEXT_DOCUMENT_ROOT] => C:/xampp/htdocs
    [SERVER_ADMIN] => postmaster@localhost
    [SCRIPT_FILENAME] => C:/xampp/htdocs/TaskMaster/index.php
    [REMOTE_PORT] => 60421
    [REDIRECT_URL] => /TaskMaster/login/truecaller_callback
    [GATEWAY_INTERFACE] => CGI/1.1
    [SERVER_PROTOCOL] => HTTP/1.1
    [REQUEST_METHOD] => GET
    [QUERY_STRING] => 
    [REQUEST_URI] => /TaskMaster/login/truecaller_callback
    [SCRIPT_NAME] => /TaskMaster/index.php
    [PATH_INFO] => /login/truecaller_callback
    [PATH_TRANSLATED] => C:\xampp\htdocs\login\truecaller_callback
    [PHP_SELF] => /TaskMaster/index.php/login/truecaller_callback
    [REQUEST_TIME_FLOAT] => 1754993179.3429
    [REQUEST_TIME] => 1754993179
)

Array
(
    [REDIRECT_MIBDIRS] => C:/xampp/php/extras/mibs
    [REDIRECT_MYSQL_HOME] => \xampp\mysql\bin
    [REDIRECT_OPENSSL_CONF] => C:/xampp/apache/bin/openssl.cnf
    [REDIRECT_PHP_PEAR_SYSCONF_DIR] => \xampp\php
    [REDIRECT_PHPRC] => \xampp\php
    [REDIRECT_TMP] => \xampp\tmp
    [REDIRECT_STATUS] => 200
    [MIBDIRS] => C:/xampp/php/extras/mibs
    [MYSQL_HOME] => \xampp\mysql\bin
    [OPENSSL_CONF] => C:/xampp/apache/bin/openssl.cnf
    [PHP_PEAR_SYSCONF_DIR] => \xampp\php
    [PHPRC] => \xampp\php
    [TMP] => \xampp\tmp
    [HTTP_HOST] => 8119f5d852a5.ngrok-free.app
    [HTTP_USER_AGENT] => Mozilla/5.0 (Windows NT 10.0; Win64; x64) AppleWebKit/537.36 (KHTML, like Gecko) Chrome/138.0.0.0 Safari/537.36
    [HTTP_ACCEPT] => text/html,application/xhtml+xml,application/xml;q=0.9,image/avif,image/webp,image/apng,*/*;q=0.8,application/signed-exchange;v=b3;q=0.7
    [HTTP_ACCEPT_ENCODING] => gzip, deflate, br, zstd
    [HTTP_ACCEPT_LANGUAGE] => en-IN,en-GB;q=0.9,en-US;q=0.8,en;q=0.7,pt;q=0.6,ar;q=0.5
    [HTTP_CACHE_CONTROL] => max-age=0
    [HTTP_COOKIE] => abuse_interstitial=8119f5d852a5.ngrok-free.app
    [HTTP_PRIORITY] => u=0, i
    [HTTP_SEC_CH_UA] => "Not)A;Brand";v="8", "Chromium";v="138", "Google Chrome";v="138"
    [HTTP_SEC_CH_UA_MOBILE] => ?0
    [HTTP_SEC_CH_UA_PLATFORM] => "Windows"
    [HTTP_SEC_FETCH_DEST] => document
    [HTTP_SEC_FETCH_MODE] => navigate
    [HTTP_SEC_FETCH_SITE] => same-origin
    [HTTP_SEC_FETCH_USER] => ?1
    [HTTP_UPGRADE_INSECURE_REQUESTS] => 1
    [HTTP_X_FORWARDED_FOR] => 202.177.248.39
    [HTTP_X_FORWARDED_HOST] => 8119f5d852a5.ngrok-free.app
    [HTTP_X_FORWARDED_PROTO] => https
    [PATH] => C:\Program Files (x86)\VMware\VMware Workstation\bin\;C:\WINDOWS\system32;C:\WINDOWS;C:\WINDOWS\System32\Wbem;C:\WINDOWS\System32\WindowsPowerShell\v1.0\;C:\WINDOWS\System32\OpenSSH\;C:\Program Files\Microsoft SQL Server\150\Tools\Binn\;C:\Program Files\Microsoft SQL Server\Client SDK\ODBC\170\Tools\Binn\;C:\Program Files (x86)\Microsoft SQL Server\160\DTS\Binn\;C:\Program Files\dotnet\;C:\Program Files\Git\cmd;C:\Program Files\nodejs\;C:\xampp\php;C:\composer;C:\Users;C:\Users\Hameed Ansari\AppData\Local\Programs\Python\Python313\Scripts\;C:\Users\Hameed Ansari\AppData\Local\Programs\Python\Python313\;C:\Users\Hameed Ansari\AppData\Local\Programs\Python\Launcher\;C:\Users\Hameed Ansari\AppData\Local\Microsoft\WindowsApps;C:\Users\Hameed Ansari\AppData\Local\GitHubDesktop\bin;C:\Users\Hameed Ansari\.dotnet\tools;C:\Users\Hameed Ansari\AppData\Local\Programs\Microsoft VS Code\bin;C:\Users\Hameed Ansari\AppData\Roaming\npm;C:\Users\Hameed Ansari\AppData\Roaming\Composer\vendor\bin;C:\composer;C:\mongosh\
    [SystemRoot] => C:\WINDOWS
    [COMSPEC] => C:\WINDOWS\system32\cmd.exe
    [PATHEXT] => .COM;.EXE;.BAT;.CMD;.VBS;.VBE;.JS;.JSE;.WSF;.WSH;.MSC
    [WINDIR] => C:\WINDOWS
    [SERVER_SIGNATURE] => <address>Apache/2.4.58 (Win64) OpenSSL/3.1.3 PHP/8.0.30 Server at 8119f5d852a5.ngrok-free.app Port 80</address>

    [SERVER_SOFTWARE] => Apache/2.4.58 (Win64) OpenSSL/3.1.3 PHP/8.0.30
    [SERVER_NAME] => 8119f5d852a5.ngrok-free.app
    [SERVER_ADDR] => ::1
    [SERVER_PORT] => 80
    [REMOTE_ADDR] => ::1
    [DOCUMENT_ROOT] => C:/xampp/htdocs
    [REQUEST_SCHEME] => http
    [CONTEXT_PREFIX] => 
    [CONTEXT_DOCUMENT_ROOT] => C:/xampp/htdocs
    [SERVER_ADMIN] => postmaster@localhost
    [SCRIPT_FILENAME] => C:/xampp/htdocs/TaskMaster/index.php
    [REMOTE_PORT] => 60451
    [REDIRECT_URL] => /TaskMaster/login/truecaller_callback
    [GATEWAY_INTERFACE] => CGI/1.1
    [SERVER_PROTOCOL] => HTTP/1.1
    [REQUEST_METHOD] => GET
    [QUERY_STRING] => 
    [REQUEST_URI] => /TaskMaster/login/truecaller_callback
    [SCRIPT_NAME] => /TaskMaster/index.php
    [PATH_INFO] => /login/truecaller_callback
    [PATH_TRANSLATED] => C:\xampp\htdocs\login\truecaller_callback
    [PHP_SELF] => /TaskMaster/index.php/login/truecaller_callback
    [REQUEST_TIME_FLOAT] => 1754993267.2448
    [REQUEST_TIME] => 1754993267
)

